3.8434 	WARNING 	We strongly recommend you activate the PTB sound engine in PsychoPy prefs as the preferred audio engine. Its timing is vastly superior. Your prefs are currently set to use ['sounddevice', 'PTB', 'pyo', 'pygame'] (in that order).
17.1926 	WARNING 	User requested fullscreen with size [1024  768], but screen is actually [1920, 1080]. Using actual size
21.3715 	EXP 	Created window1 = Window(allowGUI=True, allowStencil=False, autoLog=True, backendConf=UNKNOWN, bitsMode=UNKNOWN, blendMode='avg', bpc=(8, 8, 8), color=array([0, 0, 0]), colorSpace='rgb', depthBits=8, fullscr=<method-wrapper '__getattribute__' of attributeSetter object at 0x000001CD4C19FF40>, gamma=None, gammaErrorPolicy='raise', lms=UNKNOWN, monitor=<psychopy.monitors.calibTools.Monitor object at 0x000001CD4D0EFB80>, multiSample=False, name='window1', numSamples=2, pos=(0, 0), screen=0, size=array([1920, 1080]), stencilBits=0, stereo=False, units='height', useFBO=True, useRetina=False, viewOri=0.0, viewPos=None, viewScale=None, waitBlanking=True, winType='pyglet')
21.3717 	EXP 	window1: mouseVisible = True
21.3719 	EXP 	window1: mouseVisible = False
21.3719 	EXP 	window1: Attempting to measure frame rate of screen (0) ...
21.3719 	EXP 	window1: recordFrameIntervals = False
21.5373 	EXP 	window1: recordFrameIntervals = True
21.7212 	EXP 	Screen (0) actual frame rate measured at 60.04Hz
21.7213 	EXP 	window1: recordFrameIntervals = False
25.9912 	EXP 	Created fixation = ShapeStim(__class__=<class 'psychopy.visual.shape.ShapeStim'>, anchor=('center', 'center'), autoDraw=False, autoLog=True, closeShape=True, color=method-wrapper(...), colorSpace='rgb', contrast=None, depth=0.0, fillColor=array([1, 1, 1]), fillColorSpace='rgb', fillRGB=array([1, 1, 1]), interpolate=True, lineColor=array([1, 1, 1]), lineColorSpace='rgb', lineRGB=array([1, 1, 1]), lineWidth=1.0, name='fixation', opacity=1.0, ori=0.0, pos=array([0., 0.]), size=array([10., 10.]), units='pix', vertices=ndarray(...), win=Window(...), windingRule=None)
26.0410 	EXP 	Created grating = GratingStim(__class__=<class 'psychopy.visual.grating.GratingStim'>, anchor='center', autoDraw=False, autoLog=True, blendmode='avg', color=array([0.3, 0.3, 0.3]), colorSpace='rgb', contrast=0.3, depth=-1.0, interpolate=True, mask='gauss', maskParams=None, name='grating', opacity=1.0, ori=1.0, phase=array([0., 0.]), pos=array([0., 0.]), rgbPedestal=array([0., 0., 0.]), sf=array([5., 5.]), size=array([0.2, 0.2]), tex='sin', texRes=128.0, units='height', win=Window(...))
26.0521 	EXP 	Created sequence: random, trialTypes=1, nReps=100, seed=None
26.0530 	EXP 	New trial (rep=0, index=0): None
26.0788 	EXP 	grating: ori = -2.0
26.0788 	EXP 	fixation: autoDraw = True
27.1535 	EXP 	grating: autoDraw = True
27.1535 	EXP 	grating: tex = 'sin'
27.1588 	EXP 	fixation: autoDraw = False
27.4691 	EXP 	grating: autoDraw = False
28.0389 	DATA 	Keypress: right
35.3904 	EXP 	New trial (rep=1, index=0): None
35.3921 	DATA 	Keypress: up
35.4002 	EXP 	fixation: autoDraw = False
35.4002 	EXP 	grating: autoDraw = False
35.4002 	EXP 	grating: ori = 0.0
35.4002 	EXP 	fixation: autoDraw = True
36.4004 	EXP 	fixation: autoDraw = False
36.4004 	EXP 	grating: autoDraw = True
36.7001 	EXP 	grating: autoDraw = False
36.8921 	EXP 	New trial (rep=2, index=0): None
36.8945 	DATA 	Keypress: down
36.8999 	EXP 	fixation: autoDraw = False
36.8999 	EXP 	grating: autoDraw = False
36.8999 	EXP 	grating: ori = 0.0
36.8999 	EXP 	fixation: autoDraw = True
37.8999 	EXP 	fixation: autoDraw = False
37.8999 	EXP 	grating: autoDraw = True
38.1996 	EXP 	grating: autoDraw = False
38.5765 	EXP 	New trial (rep=3, index=0): None
38.5794 	DATA 	Keypress: up
38.5829 	EXP 	fixation: autoDraw = False
38.5829 	EXP 	grating: autoDraw = False
38.5829 	EXP 	grating: ori = -5.0
38.5829 	EXP 	fixation: autoDraw = True
39.5830 	EXP 	fixation: autoDraw = False
39.5830 	EXP 	grating: autoDraw = True
39.8827 	EXP 	grating: autoDraw = False
39.9059 	EXP 	New trial (rep=4, index=0): None
39.9083 	DATA 	Keypress: up
39.9160 	EXP 	fixation: autoDraw = False
39.9160 	EXP 	grating: autoDraw = False
39.9160 	EXP 	grating: ori = -4.0
39.9160 	EXP 	fixation: autoDraw = True
40.9159 	EXP 	fixation: autoDraw = False
40.9159 	EXP 	grating: autoDraw = True
41.2158 	EXP 	grating: autoDraw = False
41.4029 	EXP 	New trial (rep=5, index=0): None
41.4046 	DATA 	Keypress: down
41.4155 	EXP 	fixation: autoDraw = False
41.4155 	EXP 	grating: autoDraw = False
41.4155 	EXP 	grating: ori = -2.0
41.4155 	EXP 	fixation: autoDraw = True
42.4157 	EXP 	fixation: autoDraw = False
42.4157 	EXP 	grating: autoDraw = True
42.7152 	EXP 	grating: autoDraw = False
42.8552 	EXP 	New trial (rep=6, index=0): None
42.8571 	DATA 	Keypress: up
42.8652 	EXP 	fixation: autoDraw = False
42.8652 	EXP 	grating: autoDraw = False
42.8652 	EXP 	grating: ori = 4.0
42.8652 	EXP 	fixation: autoDraw = True
43.8650 	EXP 	fixation: autoDraw = False
43.8650 	EXP 	grating: autoDraw = True
44.1652 	EXP 	grating: autoDraw = False
44.3029 	EXP 	New trial (rep=7, index=0): None
44.3051 	DATA 	Keypress: up
44.3148 	EXP 	fixation: autoDraw = False
44.3148 	EXP 	grating: autoDraw = False
44.3148 	EXP 	grating: ori = 0.0
44.3148 	EXP 	fixation: autoDraw = True
45.3147 	EXP 	fixation: autoDraw = False
45.3147 	EXP 	grating: autoDraw = True
45.6144 	EXP 	grating: autoDraw = False
45.9885 	EXP 	New trial (rep=8, index=0): None
45.9908 	DATA 	Keypress: down
45.9979 	EXP 	fixation: autoDraw = False
45.9979 	EXP 	grating: autoDraw = False
45.9979 	EXP 	grating: ori = -2.0
45.9979 	EXP 	fixation: autoDraw = True
46.9979 	EXP 	fixation: autoDraw = False
46.9979 	EXP 	grating: autoDraw = True
47.2974 	EXP 	grating: autoDraw = False
47.4182 	EXP 	New trial (rep=9, index=0): None
47.4199 	DATA 	Keypress: up
47.4308 	EXP 	fixation: autoDraw = False
47.4308 	EXP 	grating: autoDraw = False
47.4308 	EXP 	grating: ori = 0.0
47.4308 	EXP 	fixation: autoDraw = True
48.4310 	EXP 	fixation: autoDraw = False
48.4310 	EXP 	grating: autoDraw = True
48.7306 	EXP 	grating: autoDraw = False
48.8891 	EXP 	New trial (rep=10, index=0): None
48.8923 	DATA 	Keypress: up
48.8972 	EXP 	fixation: autoDraw = False
48.8972 	EXP 	grating: autoDraw = False
48.8972 	EXP 	grating: ori = 0.0
48.8972 	EXP 	fixation: autoDraw = True
49.8970 	EXP 	fixation: autoDraw = False
49.8970 	EXP 	grating: autoDraw = True
50.1969 	EXP 	grating: autoDraw = False
50.4067 	EXP 	New trial (rep=11, index=0): None
50.4102 	DATA 	Keypress: down
50.4134 	EXP 	fixation: autoDraw = False
50.4134 	EXP 	grating: autoDraw = False
50.4134 	EXP 	grating: ori = 1.0
50.4134 	EXP 	fixation: autoDraw = True
51.4136 	EXP 	fixation: autoDraw = False
51.4136 	EXP 	grating: autoDraw = True
51.7134 	EXP 	grating: autoDraw = False
51.8410 	EXP 	New trial (rep=12, index=0): None
51.8458 	DATA 	Keypress: up
51.8490 	EXP 	fixation: autoDraw = False
51.8490 	EXP 	grating: autoDraw = False
51.8490 	EXP 	grating: ori = 0.0
51.8490 	EXP 	fixation: autoDraw = True
52.8466 	EXP 	grating: autoDraw = True
52.8631 	EXP 	fixation: autoDraw = False
53.1462 	EXP 	grating: autoDraw = False
53.2074 	EXP 	New trial (rep=13, index=0): None
53.2103 	DATA 	Keypress: up
53.2130 	EXP 	fixation: autoDraw = False
53.2130 	EXP 	grating: autoDraw = False
53.2130 	EXP 	grating: ori = -3.0
53.2130 	EXP 	fixation: autoDraw = True
54.2126 	EXP 	fixation: autoDraw = False
54.2126 	EXP 	grating: autoDraw = True
54.5125 	EXP 	grating: autoDraw = False
54.5541 	EXP 	New trial (rep=14, index=0): None
54.5577 	DATA 	Keypress: up
54.5626 	EXP 	fixation: autoDraw = False
54.5626 	EXP 	grating: autoDraw = False
54.5626 	EXP 	grating: ori = -4.0
54.5626 	EXP 	fixation: autoDraw = True
55.5621 	EXP 	fixation: autoDraw = False
55.5621 	EXP 	grating: autoDraw = True
55.8620 	EXP 	grating: autoDraw = False
55.9498 	EXP 	New trial (rep=15, index=0): None
55.9515 	DATA 	Keypress: down
55.9620 	EXP 	fixation: autoDraw = False
55.9620 	EXP 	grating: autoDraw = False
55.9620 	EXP 	grating: ori = 0.0
55.9620 	EXP 	fixation: autoDraw = True
56.9620 	EXP 	fixation: autoDraw = False
56.9620 	EXP 	grating: autoDraw = True
57.2617 	EXP 	grating: autoDraw = False
57.4203 	EXP 	New trial (rep=16, index=0): None
57.4236 	DATA 	Keypress: up
57.4285 	EXP 	fixation: autoDraw = False
57.4285 	EXP 	grating: autoDraw = False
57.4285 	EXP 	grating: ori = 0.0
57.4285 	EXP 	fixation: autoDraw = True
58.4283 	EXP 	fixation: autoDraw = False
58.4283 	EXP 	grating: autoDraw = True
58.7282 	EXP 	grating: autoDraw = False
58.8150 	EXP 	New trial (rep=17, index=0): None
58.8167 	DATA 	Keypress: down
58.8280 	EXP 	fixation: autoDraw = False
58.8280 	EXP 	grating: autoDraw = False
58.8280 	EXP 	grating: ori = -5.0
58.8280 	EXP 	fixation: autoDraw = True
59.8281 	EXP 	fixation: autoDraw = False
59.8281 	EXP 	grating: autoDraw = True
60.1279 	EXP 	grating: autoDraw = False
60.2825 	EXP 	New trial (rep=18, index=0): None
60.2848 	DATA 	Keypress: up
60.2947 	EXP 	fixation: autoDraw = False
60.2947 	EXP 	grating: autoDraw = False
60.2947 	EXP 	grating: ori = -3.0
60.2947 	EXP 	fixation: autoDraw = True
61.2945 	EXP 	fixation: autoDraw = False
61.2945 	EXP 	grating: autoDraw = True
61.5942 	EXP 	grating: autoDraw = False
61.8525 	EXP 	New trial (rep=19, index=0): None
61.8556 	DATA 	Keypress: up
61.8609 	EXP 	fixation: autoDraw = False
61.8609 	EXP 	grating: autoDraw = False
61.8609 	EXP 	grating: ori = 0.0
61.8609 	EXP 	fixation: autoDraw = True
62.8610 	EXP 	fixation: autoDraw = False
62.8610 	EXP 	grating: autoDraw = True
63.1607 	EXP 	grating: autoDraw = False
63.7218 	EXP 	New trial (rep=20, index=0): None
63.7267 	DATA 	Keypress: up
63.7295 	EXP 	fixation: autoDraw = False
63.7295 	EXP 	grating: autoDraw = False
63.7295 	EXP 	grating: ori = 0.0
63.7295 	EXP 	fixation: autoDraw = True
64.7271 	EXP 	grating: autoDraw = True
64.7434 	EXP 	fixation: autoDraw = False
65.0267 	EXP 	grating: autoDraw = False
65.3387 	EXP 	New trial (rep=21, index=0): None
65.3433 	DATA 	Keypress: up
65.3462 	EXP 	fixation: autoDraw = False
65.3462 	EXP 	grating: autoDraw = False
65.3462 	EXP 	grating: ori = 4.0
65.3462 	EXP 	fixation: autoDraw = True
66.3433 	EXP 	grating: autoDraw = True
66.3600 	EXP 	fixation: autoDraw = False
66.6430 	EXP 	grating: autoDraw = False
66.8153 	EXP 	New trial (rep=22, index=0): None
66.8172 	DATA 	Keypress: down
66.8264 	EXP 	fixation: autoDraw = False
66.8264 	EXP 	grating: autoDraw = False
66.8264 	EXP 	grating: ori = 3.0
66.8264 	EXP 	fixation: autoDraw = True
67.8260 	EXP 	fixation: autoDraw = False
67.8260 	EXP 	grating: autoDraw = True
68.1260 	EXP 	grating: autoDraw = False
68.2660 	EXP 	New trial (rep=23, index=0): None
68.2681 	DATA 	Keypress: down
68.2761 	EXP 	fixation: autoDraw = False
68.2761 	EXP 	grating: autoDraw = False
68.2761 	EXP 	grating: ori = -4.0
68.2761 	EXP 	fixation: autoDraw = True
69.2757 	EXP 	fixation: autoDraw = False
69.2757 	EXP 	grating: autoDraw = True
69.5756 	EXP 	grating: autoDraw = False
69.6814 	EXP 	New trial (rep=24, index=0): None
69.6838 	DATA 	Keypress: down
69.6923 	EXP 	fixation: autoDraw = False
69.6923 	EXP 	grating: autoDraw = False
69.6923 	EXP 	grating: ori = 0.0
69.6923 	EXP 	fixation: autoDraw = True
70.6920 	EXP 	fixation: autoDraw = False
70.6920 	EXP 	grating: autoDraw = True
70.9919 	EXP 	grating: autoDraw = False
71.0484 	EXP 	New trial (rep=25, index=0): None
71.0505 	DATA 	Keypress: down
71.0586 	EXP 	fixation: autoDraw = False
71.0586 	EXP 	grating: autoDraw = False
71.0586 	EXP 	grating: ori = 0.0
71.0586 	EXP 	fixation: autoDraw = True
72.0584 	EXP 	fixation: autoDraw = False
72.0584 	EXP 	grating: autoDraw = True
72.3581 	EXP 	grating: autoDraw = False
72.4311 	EXP 	New trial (rep=26, index=0): None
72.4335 	DATA 	Keypress: up
72.4415 	EXP 	fixation: autoDraw = False
72.4415 	EXP 	grating: autoDraw = False
72.4415 	EXP 	grating: ori = -2.0
72.4415 	EXP 	fixation: autoDraw = True
73.4414 	EXP 	fixation: autoDraw = False
73.4414 	EXP 	grating: autoDraw = True
73.7412 	EXP 	grating: autoDraw = False
73.9500 	EXP 	New trial (rep=27, index=0): None
73.9534 	DATA 	Keypress: down
73.9580 	EXP 	fixation: autoDraw = False
73.9580 	EXP 	grating: autoDraw = False
73.9580 	EXP 	grating: ori = 0.0
73.9580 	EXP 	fixation: autoDraw = True
74.9577 	EXP 	fixation: autoDraw = False
74.9577 	EXP 	grating: autoDraw = True
75.2576 	EXP 	grating: autoDraw = False
75.3172 	EXP 	New trial (rep=28, index=0): None
75.3201 	DATA 	Keypress: down
75.3242 	EXP 	fixation: autoDraw = False
75.3242 	EXP 	grating: autoDraw = False
75.3242 	EXP 	grating: ori = 0.0
75.3242 	EXP 	fixation: autoDraw = True
76.3243 	EXP 	fixation: autoDraw = False
76.3243 	EXP 	grating: autoDraw = True
76.6241 	EXP 	grating: autoDraw = False
76.7324 	EXP 	New trial (rep=29, index=0): None
76.7357 	DATA 	Keypress: up
76.7406 	EXP 	fixation: autoDraw = False
76.7406 	EXP 	grating: autoDraw = False
76.7406 	EXP 	grating: ori = 0.0
76.7406 	EXP 	fixation: autoDraw = True
77.7406 	EXP 	fixation: autoDraw = False
77.7406 	EXP 	grating: autoDraw = True
78.0403 	EXP 	grating: autoDraw = False
78.2292 	EXP 	New trial (rep=30, index=0): None
78.2314 	DATA 	Keypress: up
78.2401 	EXP 	fixation: autoDraw = False
78.2401 	EXP 	grating: autoDraw = False
78.2401 	EXP 	grating: ori = -1.0
78.2401 	EXP 	fixation: autoDraw = True
79.2405 	EXP 	fixation: autoDraw = False
79.2405 	EXP 	grating: autoDraw = True
79.5397 	EXP 	grating: autoDraw = False
79.6303 	EXP 	New trial (rep=31, index=0): None
79.6330 	DATA 	Keypress: up
79.6398 	EXP 	fixation: autoDraw = False
79.6398 	EXP 	grating: autoDraw = False
79.6398 	EXP 	grating: ori = 0.0
79.6398 	EXP 	fixation: autoDraw = True
80.6399 	EXP 	fixation: autoDraw = False
80.6399 	EXP 	grating: autoDraw = True
80.9399 	EXP 	grating: autoDraw = False
80.9651 	EXP 	New trial (rep=32, index=0): None
80.9683 	DATA 	Keypress: up
80.9729 	EXP 	fixation: autoDraw = False
80.9729 	EXP 	grating: autoDraw = False
80.9729 	EXP 	grating: ori = 0.0
80.9729 	EXP 	fixation: autoDraw = True
81.9733 	EXP 	fixation: autoDraw = False
81.9733 	EXP 	grating: autoDraw = True
82.2496 	EXP 	New trial (rep=33, index=0): None
82.2532 	DATA 	Keypress: up
82.2560 	EXP 	fixation: autoDraw = False
82.2560 	EXP 	grating: autoDraw = False
82.2560 	EXP 	grating: ori = -3.0
82.2560 	EXP 	fixation: autoDraw = True
83.2557 	EXP 	fixation: autoDraw = False
83.2557 	EXP 	grating: autoDraw = True
83.5556 	EXP 	grating: autoDraw = False
83.5816 	EXP 	New trial (rep=34, index=0): None
83.5839 	DATA 	Keypress: up
83.5888 	EXP 	fixation: autoDraw = False
83.5888 	EXP 	grating: autoDraw = False
83.5888 	EXP 	grating: ori = -4.0
83.5888 	EXP 	fixation: autoDraw = True
84.5886 	EXP 	fixation: autoDraw = False
84.5886 	EXP 	grating: autoDraw = True
84.8887 	EXP 	grating: autoDraw = False
85.0154 	EXP 	New trial (rep=35, index=0): None
85.0183 	DATA 	Keypress: down
85.0219 	EXP 	fixation: autoDraw = False
85.0219 	EXP 	grating: autoDraw = False
85.0219 	EXP 	grating: ori = 0.0
85.0219 	EXP 	fixation: autoDraw = True
86.0219 	EXP 	fixation: autoDraw = False
86.0219 	EXP 	grating: autoDraw = True
86.3215 	EXP 	grating: autoDraw = False
86.3244 	EXP 	New trial (rep=36, index=0): None
86.3260 	DATA 	Keypress: down
86.3382 	EXP 	fixation: autoDraw = False
86.3382 	EXP 	grating: autoDraw = False
86.3382 	EXP 	grating: ori = 0.0
86.3382 	EXP 	fixation: autoDraw = True
87.3380 	EXP 	fixation: autoDraw = False
87.3380 	EXP 	grating: autoDraw = True
87.6380 	EXP 	grating: autoDraw = False
87.7933 	EXP 	New trial (rep=37, index=0): None
87.7959 	DATA 	Keypress: down
87.8048 	EXP 	fixation: autoDraw = False
87.8048 	EXP 	grating: autoDraw = False
87.8048 	EXP 	grating: ori = 0.0
87.8048 	EXP 	fixation: autoDraw = True
88.8043 	EXP 	fixation: autoDraw = False
88.8043 	EXP 	grating: autoDraw = True
89.1043 	EXP 	grating: autoDraw = False
89.2087 	EXP 	New trial (rep=38, index=0): None
89.2111 	DATA 	Keypress: up
89.2210 	EXP 	fixation: autoDraw = False
89.2210 	EXP 	grating: autoDraw = False
89.2210 	EXP 	grating: ori = -5.0
89.2210 	EXP 	fixation: autoDraw = True
90.2208 	EXP 	fixation: autoDraw = False
90.2208 	EXP 	grating: autoDraw = True
90.5205 	EXP 	grating: autoDraw = False
90.5746 	DATA 	Keypress: up
90.5929 	EXP 	New trial (rep=39, index=0): None
90.6040 	EXP 	fixation: autoDraw = False
90.6040 	EXP 	grating: autoDraw = False
90.6040 	EXP 	grating: ori = 0.0
90.6040 	EXP 	fixation: autoDraw = True
91.6037 	EXP 	fixation: autoDraw = False
91.6037 	EXP 	grating: autoDraw = True
91.9037 	EXP 	grating: autoDraw = False
92.0936 	EXP 	New trial (rep=40, index=0): None
92.0957 	DATA 	Keypress: down
92.1036 	EXP 	fixation: autoDraw = False
92.1036 	EXP 	grating: autoDraw = False
92.1036 	EXP 	grating: ori = 0.0
92.1036 	EXP 	fixation: autoDraw = True
93.1034 	EXP 	fixation: autoDraw = False
93.1034 	EXP 	grating: autoDraw = True
93.4031 	EXP 	grating: autoDraw = False
93.5924 	DATA 	Keypress: up
93.6142 	EXP 	New trial (rep=41, index=0): None
93.6215 	EXP 	fixation: autoDraw = False
93.6215 	EXP 	grating: autoDraw = False
93.6215 	EXP 	grating: ori = 0.0
93.6215 	EXP 	fixation: autoDraw = True
94.6197 	EXP 	grating: autoDraw = True
94.6364 	EXP 	fixation: autoDraw = False
94.9195 	EXP 	grating: autoDraw = False
95.1776 	EXP 	New trial (rep=42, index=0): None
95.1800 	DATA 	Keypress: up
95.1861 	EXP 	fixation: autoDraw = False
95.1861 	EXP 	grating: autoDraw = False
95.1861 	EXP 	grating: ori = 0.0
95.1861 	EXP 	fixation: autoDraw = True
96.1862 	EXP 	fixation: autoDraw = False
96.1862 	EXP 	grating: autoDraw = True
96.4863 	EXP 	grating: autoDraw = False
96.8457 	EXP 	New trial (rep=43, index=0): None
96.8491 	DATA 	Keypress: up
96.8524 	EXP 	fixation: autoDraw = False
96.8524 	EXP 	grating: autoDraw = False
96.8524 	EXP 	grating: ori = 0.0
96.8524 	EXP 	fixation: autoDraw = True
97.8522 	EXP 	fixation: autoDraw = False
97.8522 	EXP 	grating: autoDraw = True
98.1522 	EXP 	grating: autoDraw = False
98.2759 	EXP 	New trial (rep=44, index=0): None
98.2789 	DATA 	Keypress: up
98.2854 	EXP 	fixation: autoDraw = False
98.2854 	EXP 	grating: autoDraw = False
98.2854 	EXP 	grating: ori = 0.0
98.2854 	EXP 	fixation: autoDraw = True
99.2852 	EXP 	fixation: autoDraw = False
99.2852 	EXP 	grating: autoDraw = True
99.5851 	EXP 	grating: autoDraw = False
99.9088 	EXP 	New trial (rep=45, index=0): None
99.9117 	DATA 	Keypress: down
99.9183 	EXP 	fixation: autoDraw = False
99.9183 	EXP 	grating: autoDraw = False
99.9183 	EXP 	grating: ori = 0.0
99.9183 	EXP 	fixation: autoDraw = True
100.9183 	EXP 	fixation: autoDraw = False
100.9183 	EXP 	grating: autoDraw = True
101.2181 	EXP 	grating: autoDraw = False
101.5100 	EXP 	New trial (rep=46, index=0): None
101.5138 	DATA 	Keypress: up
101.5181 	EXP 	fixation: autoDraw = False
101.5181 	EXP 	grating: autoDraw = False
101.5181 	EXP 	grating: ori = 0.0
101.5181 	EXP 	fixation: autoDraw = True
102.5177 	EXP 	fixation: autoDraw = False
102.5177 	EXP 	grating: autoDraw = True
102.8180 	EXP 	grating: autoDraw = False
103.1278 	EXP 	New trial (rep=47, index=0): None
103.1325 	DATA 	Keypress: up
103.1356 	EXP 	fixation: autoDraw = False
103.1356 	EXP 	grating: autoDraw = False
103.1356 	EXP 	grating: ori = 0.0
103.1356 	EXP 	fixation: autoDraw = True
104.1344 	EXP 	grating: autoDraw = True
104.1508 	EXP 	fixation: autoDraw = False
104.4338 	EXP 	grating: autoDraw = False
104.4741 	EXP 	New trial (rep=48, index=0): None
104.4766 	DATA 	Keypress: up
104.4839 	EXP 	fixation: autoDraw = False
104.4839 	EXP 	grating: autoDraw = False
104.4839 	EXP 	grating: ori = 0.0
104.4839 	EXP 	fixation: autoDraw = True
105.4840 	EXP 	fixation: autoDraw = False
105.4840 	EXP 	grating: autoDraw = True
105.7837 	EXP 	grating: autoDraw = False
105.8092 	EXP 	New trial (rep=49, index=0): None
105.8127 	DATA 	Keypress: up
105.8173 	EXP 	fixation: autoDraw = False
105.8173 	EXP 	grating: autoDraw = False
105.8173 	EXP 	grating: ori = 0.0
105.8173 	EXP 	fixation: autoDraw = True
106.8169 	EXP 	fixation: autoDraw = False
106.8169 	EXP 	grating: autoDraw = True
107.1165 	EXP 	grating: autoDraw = False
107.3867 	DATA 	Keypress: up
107.4067 	EXP 	New trial (rep=50, index=0): None
107.4167 	EXP 	fixation: autoDraw = False
107.4167 	EXP 	grating: autoDraw = False
107.4167 	EXP 	grating: ori = -1.0
107.4167 	EXP 	fixation: autoDraw = True
108.4166 	EXP 	fixation: autoDraw = False
108.4166 	EXP 	grating: autoDraw = True
108.7161 	EXP 	grating: autoDraw = False
108.8382 	EXP 	New trial (rep=51, index=0): None
108.8409 	DATA 	Keypress: up
108.8496 	EXP 	fixation: autoDraw = False
108.8496 	EXP 	grating: autoDraw = False
108.8496 	EXP 	grating: ori = -4.0
108.8496 	EXP 	fixation: autoDraw = True
109.8493 	EXP 	fixation: autoDraw = False
109.8493 	EXP 	grating: autoDraw = True
110.1492 	EXP 	grating: autoDraw = False
110.1883 	EXP 	New trial (rep=52, index=0): None
110.1905 	DATA 	Keypress: up
110.1992 	EXP 	fixation: autoDraw = False
110.1992 	EXP 	grating: autoDraw = False
110.1992 	EXP 	grating: ori = 0.0
110.1992 	EXP 	fixation: autoDraw = True
111.1990 	EXP 	fixation: autoDraw = False
111.1990 	EXP 	grating: autoDraw = True
111.4990 	EXP 	grating: autoDraw = False
111.9566 	EXP 	New trial (rep=53, index=0): None
111.9587 	DATA 	Keypress: down
111.9657 	EXP 	fixation: autoDraw = False
111.9657 	EXP 	grating: autoDraw = False
111.9657 	EXP 	grating: ori = -3.0
111.9657 	EXP 	fixation: autoDraw = True
112.9654 	EXP 	fixation: autoDraw = False
112.9654 	EXP 	grating: autoDraw = True
113.2652 	EXP 	grating: autoDraw = False
113.4562 	EXP 	New trial (rep=54, index=0): None
113.4597 	DATA 	Keypress: up
113.4651 	EXP 	fixation: autoDraw = False
113.4651 	EXP 	grating: autoDraw = False
113.4651 	EXP 	grating: ori = -1.0
113.4651 	EXP 	fixation: autoDraw = True
114.4651 	EXP 	fixation: autoDraw = False
114.4651 	EXP 	grating: autoDraw = True
114.7649 	EXP 	grating: autoDraw = False
114.8583 	EXP 	New trial (rep=55, index=0): None
114.8623 	DATA 	Keypress: up
114.8651 	EXP 	fixation: autoDraw = False
114.8651 	EXP 	grating: autoDraw = False
114.8651 	EXP 	grating: ori = -5.0
114.8651 	EXP 	fixation: autoDraw = True
115.8646 	EXP 	fixation: autoDraw = False
115.8646 	EXP 	grating: autoDraw = True
116.1644 	EXP 	grating: autoDraw = False
116.3201 	EXP 	New trial (rep=56, index=0): None
116.3222 	DATA 	Keypress: down
116.3310 	EXP 	fixation: autoDraw = False
116.3310 	EXP 	grating: autoDraw = False
116.3310 	EXP 	grating: ori = 1.0
116.3310 	EXP 	fixation: autoDraw = True
117.3313 	EXP 	fixation: autoDraw = False
117.3313 	EXP 	grating: autoDraw = True
117.6307 	EXP 	grating: autoDraw = False
117.6841 	EXP 	New trial (rep=57, index=0): None
117.6859 	DATA 	Keypress: up
117.6974 	EXP 	fixation: autoDraw = False
117.6974 	EXP 	grating: autoDraw = False
117.6974 	EXP 	grating: ori = 0.0
117.6974 	EXP 	fixation: autoDraw = True
118.6972 	EXP 	fixation: autoDraw = False
118.6972 	EXP 	grating: autoDraw = True
118.9972 	EXP 	grating: autoDraw = False
119.8364 	EXP 	New trial (rep=58, index=0): None
119.8388 	DATA 	Keypress: up
119.8469 	EXP 	fixation: autoDraw = False
119.8469 	EXP 	grating: autoDraw = False
119.8469 	EXP 	grating: ori = 0.0
119.8469 	EXP 	fixation: autoDraw = True
120.8472 	EXP 	fixation: autoDraw = False
120.8472 	EXP 	grating: autoDraw = True
121.1467 	EXP 	grating: autoDraw = False
121.2831 	DATA 	Keypress: up
121.3047 	EXP 	New trial (rep=59, index=0): None
121.3134 	EXP 	fixation: autoDraw = False
121.3134 	EXP 	grating: autoDraw = False
121.3134 	EXP 	grating: ori = -4.0
121.3134 	EXP 	fixation: autoDraw = True
122.3133 	EXP 	fixation: autoDraw = False
122.3133 	EXP 	grating: autoDraw = True
122.6132 	EXP 	grating: autoDraw = False
122.7053 	EXP 	New trial (rep=60, index=0): None
122.7087 	DATA 	Keypress: up
122.7131 	EXP 	fixation: autoDraw = False
122.7131 	EXP 	grating: autoDraw = False
122.7131 	EXP 	grating: ori = 0.0
122.7131 	EXP 	fixation: autoDraw = True
123.7128 	EXP 	fixation: autoDraw = False
123.7128 	EXP 	grating: autoDraw = True
124.0125 	EXP 	grating: autoDraw = False
124.0543 	EXP 	New trial (rep=61, index=0): None
124.0567 	DATA 	Keypress: down
124.0626 	EXP 	fixation: autoDraw = False
124.0626 	EXP 	grating: autoDraw = False
124.0626 	EXP 	grating: ori = 3.0
124.0626 	EXP 	fixation: autoDraw = True
125.0625 	EXP 	fixation: autoDraw = False
125.0625 	EXP 	grating: autoDraw = True
125.3622 	EXP 	grating: autoDraw = False
125.5185 	EXP 	New trial (rep=62, index=0): None
125.5210 	DATA 	Keypress: up
125.5291 	EXP 	fixation: autoDraw = False
125.5291 	EXP 	grating: autoDraw = False
125.5291 	EXP 	grating: ori = 1.0
125.5291 	EXP 	fixation: autoDraw = True
126.5288 	EXP 	fixation: autoDraw = False
126.5288 	EXP 	grating: autoDraw = True
126.8285 	EXP 	grating: autoDraw = False
127.0707 	EXP 	New trial (rep=63, index=0): None
127.0746 	DATA 	Keypress: up
127.0788 	EXP 	fixation: autoDraw = False
127.0788 	EXP 	grating: autoDraw = False
127.0788 	EXP 	grating: ori = 1.0
127.0788 	EXP 	fixation: autoDraw = True
128.0786 	EXP 	fixation: autoDraw = False
128.0786 	EXP 	grating: autoDraw = True
128.3781 	EXP 	grating: autoDraw = False
128.5200 	EXP 	New trial (rep=64, index=0): None
128.5231 	DATA 	Keypress: up
128.5281 	EXP 	fixation: autoDraw = False
128.5281 	EXP 	grating: autoDraw = False
128.5281 	EXP 	grating: ori = 0.0
128.5281 	EXP 	fixation: autoDraw = True
129.5283 	EXP 	fixation: autoDraw = False
129.5283 	EXP 	grating: autoDraw = True
129.8279 	EXP 	grating: autoDraw = False
129.9342 	EXP 	New trial (rep=65, index=0): None
129.9361 	DATA 	Keypress: down
129.9447 	EXP 	fixation: autoDraw = False
129.9447 	EXP 	grating: autoDraw = False
129.9447 	EXP 	grating: ori = 0.0
129.9447 	EXP 	fixation: autoDraw = True
130.9445 	EXP 	fixation: autoDraw = False
130.9445 	EXP 	grating: autoDraw = True
131.2443 	EXP 	grating: autoDraw = False
131.4861 	EXP 	New trial (rep=66, index=0): None
131.4889 	DATA 	Keypress: up
131.4941 	EXP 	fixation: autoDraw = False
131.4941 	EXP 	grating: autoDraw = False
131.4941 	EXP 	grating: ori = 0.0
131.4941 	EXP 	fixation: autoDraw = True
132.4943 	EXP 	fixation: autoDraw = False
132.4943 	EXP 	grating: autoDraw = True
132.7939 	EXP 	grating: autoDraw = False
132.8187 	EXP 	New trial (rep=67, index=0): None
132.8215 	DATA 	Keypress: up
132.8272 	EXP 	fixation: autoDraw = False
132.8272 	EXP 	grating: autoDraw = False
132.8272 	EXP 	grating: ori = 0.0
132.8272 	EXP 	fixation: autoDraw = True
133.8269 	EXP 	fixation: autoDraw = False
133.8269 	EXP 	grating: autoDraw = True
134.1268 	EXP 	grating: autoDraw = False
134.2483 	EXP 	New trial (rep=68, index=0): None
134.2500 	DATA 	Keypress: up
134.2602 	EXP 	fixation: autoDraw = False
134.2602 	EXP 	grating: autoDraw = False
134.2602 	EXP 	grating: ori = 0.0
134.2602 	EXP 	fixation: autoDraw = True
135.2600 	EXP 	fixation: autoDraw = False
135.2600 	EXP 	grating: autoDraw = True
135.5599 	EXP 	grating: autoDraw = False
135.9338 	EXP 	New trial (rep=69, index=0): None
135.9377 	DATA 	Keypress: up
135.9432 	EXP 	fixation: autoDraw = False
135.9432 	EXP 	grating: autoDraw = False
135.9432 	EXP 	grating: ori = -2.0
135.9432 	EXP 	fixation: autoDraw = True
136.9429 	EXP 	fixation: autoDraw = False
136.9429 	EXP 	grating: autoDraw = True
137.2430 	EXP 	grating: autoDraw = False
137.5841 	EXP 	New trial (rep=70, index=0): None
137.5863 	DATA 	Keypress: down
137.5927 	EXP 	fixation: autoDraw = False
137.5927 	EXP 	grating: autoDraw = False
137.5927 	EXP 	grating: ori = -5.0
137.5927 	EXP 	fixation: autoDraw = True
138.5926 	EXP 	fixation: autoDraw = False
138.5926 	EXP 	grating: autoDraw = True
138.8924 	EXP 	grating: autoDraw = False
139.0998 	EXP 	New trial (rep=71, index=0): None
139.1040 	DATA 	Keypress: down
139.1090 	EXP 	fixation: autoDraw = False
139.1090 	EXP 	grating: autoDraw = False
139.1090 	EXP 	grating: ori = 0.0
139.1090 	EXP 	fixation: autoDraw = True
140.1089 	EXP 	fixation: autoDraw = False
140.1089 	EXP 	grating: autoDraw = True
140.4086 	EXP 	grating: autoDraw = False
140.5468 	EXP 	New trial (rep=72, index=0): None
140.5486 	DATA 	Keypress: down
140.5586 	EXP 	fixation: autoDraw = False
140.5586 	EXP 	grating: autoDraw = False
140.5586 	EXP 	grating: ori = -5.0
140.5586 	EXP 	fixation: autoDraw = True
141.5588 	EXP 	fixation: autoDraw = False
141.5588 	EXP 	grating: autoDraw = True
141.8583 	EXP 	grating: autoDraw = False
141.9819 	EXP 	New trial (rep=73, index=0): None
141.9841 	DATA 	Keypress: down
141.9916 	EXP 	fixation: autoDraw = False
141.9916 	EXP 	grating: autoDraw = False
141.9916 	EXP 	grating: ori = 0.0
141.9916 	EXP 	fixation: autoDraw = True
142.9918 	EXP 	fixation: autoDraw = False
142.9918 	EXP 	grating: autoDraw = True
143.2915 	EXP 	grating: autoDraw = False
143.4003 	EXP 	New trial (rep=74, index=0): None
143.4043 	DATA 	Keypress: up
143.4082 	EXP 	fixation: autoDraw = False
143.4082 	EXP 	grating: autoDraw = False
143.4082 	EXP 	grating: ori = 0.0
143.4082 	EXP 	fixation: autoDraw = True
144.4081 	EXP 	fixation: autoDraw = False
144.4081 	EXP 	grating: autoDraw = True
144.7079 	EXP 	grating: autoDraw = False
144.7802 	EXP 	New trial (rep=75, index=0): None
144.7826 	DATA 	Keypress: up
144.7909 	EXP 	fixation: autoDraw = False
144.7909 	EXP 	grating: autoDraw = False
144.7909 	EXP 	grating: ori = 1.0
144.7909 	EXP 	fixation: autoDraw = True
145.7911 	EXP 	fixation: autoDraw = False
145.7911 	EXP 	grating: autoDraw = True
146.0908 	EXP 	grating: autoDraw = False
146.4639 	EXP 	New trial (rep=76, index=0): None
146.4663 	DATA 	Keypress: up
146.4738 	EXP 	fixation: autoDraw = False
146.4738 	EXP 	grating: autoDraw = False
146.4738 	EXP 	grating: ori = 0.0
146.4738 	EXP 	fixation: autoDraw = True
147.4739 	EXP 	fixation: autoDraw = False
147.4739 	EXP 	grating: autoDraw = True
147.7269 	DATA 	Keypress: up
147.7460 	EXP 	New trial (rep=77, index=0): None
147.7569 	EXP 	fixation: autoDraw = False
147.7569 	EXP 	grating: autoDraw = False
147.7569 	EXP 	grating: ori = 0.0
147.7569 	EXP 	fixation: autoDraw = True
148.7569 	EXP 	fixation: autoDraw = False
148.7569 	EXP 	grating: autoDraw = True
149.0568 	EXP 	grating: autoDraw = False
149.0663 	EXP 	New trial (rep=78, index=0): None
149.0695 	DATA 	Keypress: up
149.0737 	EXP 	fixation: autoDraw = False
149.0737 	EXP 	grating: autoDraw = False
149.0737 	EXP 	grating: ori = 0.0
149.0737 	EXP 	fixation: autoDraw = True
150.0732 	EXP 	fixation: autoDraw = False
150.0732 	EXP 	grating: autoDraw = True
150.2463 	EXP 	New trial (rep=79, index=0): None
150.2489 	DATA 	Keypress: up
150.2563 	EXP 	fixation: autoDraw = False
150.2563 	EXP 	grating: autoDraw = False
150.2563 	EXP 	grating: ori = -5.0
150.2563 	EXP 	fixation: autoDraw = True
151.2562 	EXP 	fixation: autoDraw = False
151.2562 	EXP 	grating: autoDraw = True
151.5559 	EXP 	grating: autoDraw = False
151.6805 	EXP 	New trial (rep=80, index=0): None
151.6839 	DATA 	Keypress: up
151.6894 	EXP 	fixation: autoDraw = False
151.6894 	EXP 	grating: autoDraw = False
151.6894 	EXP 	grating: ori = 0.0
151.6894 	EXP 	fixation: autoDraw = True
152.6892 	EXP 	fixation: autoDraw = False
152.6892 	EXP 	grating: autoDraw = True
152.9890 	EXP 	grating: autoDraw = False
153.0124 	EXP 	New trial (rep=81, index=0): None
153.0146 	DATA 	Keypress: down
153.0229 	EXP 	fixation: autoDraw = False
153.0229 	EXP 	grating: autoDraw = False
153.0229 	EXP 	grating: ori = -5.0
153.0229 	EXP 	fixation: autoDraw = True
154.0223 	EXP 	fixation: autoDraw = False
154.0223 	EXP 	grating: autoDraw = True
154.3221 	EXP 	grating: autoDraw = False
154.4474 	EXP 	New trial (rep=82, index=0): None
154.4503 	DATA 	Keypress: up
154.4554 	EXP 	fixation: autoDraw = False
154.4554 	EXP 	grating: autoDraw = False
154.4554 	EXP 	grating: ori = 0.0
154.4554 	EXP 	fixation: autoDraw = True
155.4554 	EXP 	fixation: autoDraw = False
155.4554 	EXP 	grating: autoDraw = True
155.7549 	EXP 	grating: autoDraw = False
155.9439 	EXP 	New trial (rep=83, index=0): None
155.9461 	DATA 	Keypress: up
155.9549 	EXP 	fixation: autoDraw = False
155.9549 	EXP 	grating: autoDraw = False
155.9549 	EXP 	grating: ori = 0.0
155.9549 	EXP 	fixation: autoDraw = True
156.9554 	EXP 	fixation: autoDraw = False
156.9554 	EXP 	grating: autoDraw = True
157.2549 	EXP 	grating: autoDraw = False
157.4943 	EXP 	New trial (rep=84, index=0): None
157.4967 	DATA 	Keypress: up
157.5046 	EXP 	fixation: autoDraw = False
157.5046 	EXP 	grating: autoDraw = False
157.5046 	EXP 	grating: ori = 4.0
157.5046 	EXP 	fixation: autoDraw = True
158.5045 	EXP 	fixation: autoDraw = False
158.5045 	EXP 	grating: autoDraw = True
158.8042 	EXP 	grating: autoDraw = False
158.9773 	EXP 	New trial (rep=85, index=0): None
158.9797 	DATA 	Keypress: up
158.9877 	EXP 	fixation: autoDraw = False
158.9877 	EXP 	grating: autoDraw = False
158.9877 	EXP 	grating: ori = 3.0
158.9877 	EXP 	fixation: autoDraw = True
159.9876 	EXP 	fixation: autoDraw = False
159.9876 	EXP 	grating: autoDraw = True
160.2874 	EXP 	grating: autoDraw = False
162.4934 	EXP 	New trial (rep=86, index=0): None
162.4959 	DATA 	Keypress: up
162.5036 	EXP 	fixation: autoDraw = False
162.5036 	EXP 	grating: autoDraw = False
162.5036 	EXP 	grating: ori = 0.0
162.5036 	EXP 	fixation: autoDraw = True
163.5033 	EXP 	fixation: autoDraw = False
163.5033 	EXP 	grating: autoDraw = True
163.8031 	EXP 	grating: autoDraw = False
163.9967 	EXP 	New trial (rep=87, index=0): None
164.0005 	DATA 	Keypress: down
164.0035 	EXP 	fixation: autoDraw = False
164.0035 	EXP 	grating: autoDraw = False
164.0035 	EXP 	grating: ori = 0.0
164.0035 	EXP 	fixation: autoDraw = True
165.0030 	EXP 	fixation: autoDraw = False
165.0030 	EXP 	grating: autoDraw = True
165.3028 	EXP 	grating: autoDraw = False
165.3764 	EXP 	New trial (rep=88, index=0): None
165.3786 	DATA 	Keypress: up
165.3862 	EXP 	fixation: autoDraw = False
165.3862 	EXP 	grating: autoDraw = False
165.3862 	EXP 	grating: ori = 0.0
165.3862 	EXP 	fixation: autoDraw = True
166.3862 	EXP 	fixation: autoDraw = False
166.3862 	EXP 	grating: autoDraw = True
166.6860 	EXP 	grating: autoDraw = False
166.7245 	EXP 	New trial (rep=89, index=0): None
166.7269 	DATA 	Keypress: up
166.7357 	EXP 	fixation: autoDraw = False
166.7357 	EXP 	grating: autoDraw = False
166.7357 	EXP 	grating: ori = -5.0
166.7357 	EXP 	fixation: autoDraw = True
167.7355 	EXP 	fixation: autoDraw = False
167.7355 	EXP 	grating: autoDraw = True
168.0353 	EXP 	grating: autoDraw = False
168.0567 	EXP 	New trial (rep=90, index=0): None
168.0581 	DATA 	Keypress: up
168.0686 	EXP 	fixation: autoDraw = False
168.0686 	EXP 	grating: autoDraw = False
168.0686 	EXP 	grating: ori = -5.0
168.0686 	EXP 	fixation: autoDraw = True
169.0689 	EXP 	fixation: autoDraw = False
169.0689 	EXP 	grating: autoDraw = True
169.3687 	EXP 	grating: autoDraw = False
169.5226 	EXP 	New trial (rep=91, index=0): None
169.5241 	DATA 	Keypress: down
169.5352 	EXP 	fixation: autoDraw = False
169.5352 	EXP 	grating: autoDraw = False
169.5352 	EXP 	grating: ori = -1.0
169.5352 	EXP 	fixation: autoDraw = True
170.5349 	EXP 	fixation: autoDraw = False
170.5349 	EXP 	grating: autoDraw = True
170.8237 	EXP 	New trial (rep=92, index=0): None
170.8253 	DATA 	Keypress: up
170.8350 	EXP 	grating: autoDraw = False
170.8350 	EXP 	fixation: autoDraw = False
170.8350 	EXP 	grating: autoDraw = False
170.8350 	EXP 	grating: ori = -5.0
170.8350 	EXP 	fixation: autoDraw = True
171.8350 	EXP 	fixation: autoDraw = False
171.8350 	EXP 	grating: autoDraw = True
172.1344 	EXP 	grating: autoDraw = False
172.2717 	EXP 	New trial (rep=93, index=0): None
172.2732 	DATA 	Keypress: up
172.2842 	EXP 	fixation: autoDraw = False
172.2842 	EXP 	grating: autoDraw = False
172.2842 	EXP 	grating: ori = -1.0
172.2842 	EXP 	fixation: autoDraw = True
173.2844 	EXP 	fixation: autoDraw = False
173.2844 	EXP 	grating: autoDraw = True
173.5840 	EXP 	grating: autoDraw = False
173.6901 	EXP 	New trial (rep=94, index=0): None
173.6923 	DATA 	Keypress: up
173.7009 	EXP 	fixation: autoDraw = False
173.7009 	EXP 	grating: autoDraw = False
173.7009 	EXP 	grating: ori = 4.0
173.7009 	EXP 	fixation: autoDraw = True
174.7006 	EXP 	fixation: autoDraw = False
174.7006 	EXP 	grating: autoDraw = True
175.0005 	EXP 	grating: autoDraw = False
175.1576 	EXP 	New trial (rep=95, index=0): None
175.1603 	DATA 	Keypress: up
175.1670 	EXP 	fixation: autoDraw = False
175.1670 	EXP 	grating: autoDraw = False
175.1670 	EXP 	grating: ori = 3.0
175.1670 	EXP 	fixation: autoDraw = True
176.1670 	EXP 	fixation: autoDraw = False
176.1670 	EXP 	grating: autoDraw = True
176.4668 	EXP 	grating: autoDraw = False
176.6383 	EXP 	New trial (rep=96, index=0): None
176.6402 	DATA 	Keypress: up
176.6500 	EXP 	fixation: autoDraw = False
176.6500 	EXP 	grating: autoDraw = False
176.6500 	EXP 	grating: ori = -2.0
176.6500 	EXP 	fixation: autoDraw = True
177.6502 	EXP 	fixation: autoDraw = False
177.6502 	EXP 	grating: autoDraw = True
177.9498 	EXP 	grating: autoDraw = False
178.1059 	EXP 	New trial (rep=97, index=0): None
178.1078 	DATA 	Keypress: down
178.1165 	EXP 	fixation: autoDraw = False
178.1165 	EXP 	grating: autoDraw = False
178.1165 	EXP 	grating: ori = 2.0
178.1165 	EXP 	fixation: autoDraw = True
179.1164 	EXP 	fixation: autoDraw = False
179.1164 	EXP 	grating: autoDraw = True
179.4160 	EXP 	grating: autoDraw = False
179.4553 	EXP 	New trial (rep=98, index=0): None
179.4576 	DATA 	Keypress: down
179.4661 	EXP 	fixation: autoDraw = False
179.4661 	EXP 	grating: autoDraw = False
179.4661 	EXP 	grating: ori = 0.0
179.4661 	EXP 	fixation: autoDraw = True
180.4662 	EXP 	fixation: autoDraw = False
180.4662 	EXP 	grating: autoDraw = True
180.7656 	EXP 	grating: autoDraw = False
181.1562 	EXP 	New trial (rep=99, index=0): None
181.1585 	DATA 	Keypress: up
181.1658 	EXP 	fixation: autoDraw = False
181.1658 	EXP 	grating: autoDraw = False
181.1658 	EXP 	grating: ori = -1.0
181.1658 	EXP 	fixation: autoDraw = True
182.1658 	EXP 	fixation: autoDraw = False
182.1658 	EXP 	grating: autoDraw = True
182.4655 	EXP 	grating: autoDraw = False
182.6872 	DATA 	Keypress: up
182.6988 	EXP 	fixation: autoDraw = False
182.6988 	EXP 	grating: autoDraw = False
184.4801 	EXP 	window1: mouseVisible = True
